<?xml version="1.0" encoding="UTF-8"?>
<testng-results ignored="0" total="1" passed="1" failed="0" skipped="0">
  <reporter-output>
  </reporter-output>
  <suite started-at="2025-05-31T13:01:10 IST" name="Default suite" finished-at="2025-05-31T13:01:11 IST" duration-ms="95">
    <groups>
    </groups>
    <test started-at="2025-05-31T13:01:10 IST" name="Default test" finished-at="2025-05-31T13:01:11 IST" duration-ms="95">
      <class name="TestNG">
        <test-method signature="testcase1()[pri:0, instance:TestNG@3349e9bb]" started-at="2025-05-31T13:01:11 IST" name="testcase1" finished-at="2025-05-31T13:01:11 IST" duration-ms="12" status="PASS">
          <reporter-output>
          </reporter-output>
        </test-method> <!-- testcase1 -->
      </class> <!-- TestNG -->
    </test> <!-- Default test -->
  </suite> <!-- Default suite -->
</testng-results>
